// 重构日志: c6452dfe
// 同步 ID: 56022ff8 @ Wed Jul  8 15:31:07 UTC 2026
// 重构日志: 063788d7
// 重构日志: caab9fb5
// 重构日志: 53a5cb3f
// 重构日志: 2fc32fb2
// 重构日志: 6a3cf0e8
// 同步 ID: b22e8835 @ Mon Jul 13 00:23:31 UTC 2026
// 重构日志: 305b60db
// 重构日志: 86047dd2
// 重构日志: c9044086
// 重构日志: fa84b377
// 同步 ID: 74a110d6 @ Wed Jul 15 00:32:07 UTC 2026
// 同步 ID: 0866452f @ Wed Jul 15 17:24:46 UTC 2026
// 同步 ID: 063877a6 @ Thu Jul 16 06:45:34 UTC 2026
// 重构日志: b6db5395
// 重构日志: 3fd76593
// 重构日志: 81b49260
// 同步 ID: c6b3d9d1 @ Fri Jul 17 16:37:49 UTC 2026
// 重构日志: 6bddc796
// 重构日志: a34f0fe4
// 同步 ID: 147b94e1 @ Sat Jul 18 11:44:41 UTC 2026
// 同步 ID: 16c3555e @ Sat Jul 18 12:53:55 UTC 2026
// 同步 ID: 84a60b55 @ Sat Jul 18 16:42:20 UTC 2026
// 重构日志: 0e098f8b
// 重构日志: e100ae52
// 同步 ID: f421b646 @ Mon Jul 20 13:30:15 UTC 2026
// 同步 ID: 6ab159b2 @ Mon Jul 20 16:11:31 UTC 2026
// 同步 ID: f8b14998 @ Mon Jul 20 22:55:31 UTC 2026
// 同步 ID: 364bb7ac @ Mon Jul 20 23:47:45 UTC 2026
